c:\users\sritej\onedrive\documents\visual studio 2015\projects\fibonacci_2048\project1\debug\vc140.pdb
c:\users\sritej\onedrive\documents\visual studio 2015\projects\fibonacci_2048\project1\debug\vc140.idb
c:\users\sritej\onedrive\documents\visual studio 2015\projects\fibonacci_2048\project1\debug\fibonacci_checkers.obj
c:\users\sritej\onedrive\documents\visual studio 2015\projects\fibonacci_2048\project1\debug\moves_handling_functions.obj
c:\users\sritej\onedrive\documents\visual studio 2015\projects\fibonacci_2048\project1\debug\file_handling_functions.obj
c:\users\sritej\onedrive\documents\visual studio 2015\projects\fibonacci_2048\project1\debug\main_logic.obj
c:\users\sritej\git things\sritej-reddy-c-learner\fibonacci_2048\project1\debug\vc140.pdb
c:\users\sritej\git things\sritej-reddy-c-learner\fibonacci_2048\project1\debug\vc140.idb
c:\users\sritej\git things\sritej-reddy-c-learner\fibonacci_2048\project1\debug\fibonacci_checkers.obj
c:\users\sritej\git things\sritej-reddy-c-learner\fibonacci_2048\project1\debug\file_handling_functions.obj
c:\users\sritej\git things\sritej-reddy-c-learner\fibonacci_2048\project1\debug\main_logic.obj
c:\users\sritej\git things\sritej-reddy-c-learner\fibonacci_2048\project1\debug\moves_handling_functions.obj
c:\users\sritej\onedrive\documents\visual studio 2015\projects\fibonacci_2048\debug\project1.ilk
c:\users\sritej\onedrive\documents\visual studio 2015\projects\fibonacci_2048\debug\project1.exe
c:\users\sritej\onedrive\documents\visual studio 2015\projects\fibonacci_2048\debug\project1.pdb
c:\users\sritej\git things\sritej-reddy-c-learner\fibonacci_2048\debug\project1.pdb
c:\users\sritej\git things\sritej-reddy-c-learner\fibonacci_2048\debug\project1.exe
c:\users\sritej\git things\sritej-reddy-c-learner\fibonacci_2048\debug\project1.ilk
c:\users\sritej\git things\sritej-reddy-c-learner\fibonacci_2048\project1\debug\project1.tlog\cl.command.1.tlog
c:\users\sritej\git things\sritej-reddy-c-learner\fibonacci_2048\project1\debug\project1.tlog\cl.read.1.tlog
c:\users\sritej\git things\sritej-reddy-c-learner\fibonacci_2048\project1\debug\project1.tlog\cl.write.1.tlog
c:\users\sritej\git things\sritej-reddy-c-learner\fibonacci_2048\project1\debug\project1.tlog\link.command.1.tlog
c:\users\sritej\git things\sritej-reddy-c-learner\fibonacci_2048\project1\debug\project1.tlog\link.read.1.tlog
c:\users\sritej\git things\sritej-reddy-c-learner\fibonacci_2048\project1\debug\project1.tlog\link.write.1.tlog
